# JRE version: OpenJDK Runtime Environment (8.0_212-b04) (build 1.8.0_212-release-1586-b04)
# Java VM: OpenJDK 64-Bit Server VM (25.212-b04 mixed mode windows-amd64 compressed oops)
Heap:
 PSYoungGen      total 259584K, used 152290K [0x00000000e0000000, 0x00000000ff580000, 0x0000000100000000)
  eden space 233984K, 54% used [0x00000000e0000000,0x00000000e7bf07d8,0x00000000ee480000)
  from space 25600K, 99% used [0x00000000ee480000,0x00000000efd48290,0x00000000efd80000)
  to   space 139776K, 0% used [0x00000000f6d00000,0x00000000f6d00000,0x00000000ff580000)
 ParOldGen       total 378368K, used 172129K [0x00000000a0000000, 0x00000000b7180000, 0x00000000e0000000)
  object space 378368K, 45% used [0x00000000a0000000,0x00000000aa818680,0x00000000b7180000)
 Metaspace       used 194649K, capacity 202548K, committed 202752K, reserved 1226752K
  class space    used 23871K, capacity 25249K, committed 25344K, reserved 1048576K
GC Heap History (10 events):
Event: 1680.249 GC heap before
{Heap before GC invocations=40 (full 5):
 PSYoungGen      total 383488K, used 274751K [0x00000000e0000000, 0x0000000100000000, 0x0000000100000000)
  eden space 248832K, 100% used [0x00000000e0000000,0x00000000ef300000,0x00000000ef300000)
  from space 134656K, 19% used [0x00000000f7c80000,0x00000000f95cfc98,0x0000000100000000)
  to   space 137728K, 0% used [0x00000000ef300000,0x00000000ef300000,0x00000000f7980000)
 ParOldGen       total 378368K, used 171302K [0x00000000a0000000, 0x00000000b7180000, 0x00000000e0000000)
  object space 378368K, 45% used [0x00000000a0000000,0x00000000aa749af8,0x00000000b7180000)
 Metaspace       used 175076K, capacity 181218K, committed 181376K, reserved 1208320K
  class space    used 21544K, capacity 22614K, committed 22656K, reserved 1048576K
Event: 1680.278 GC heap after
Heap after GC invocations=40 (full 5):
 PSYoungGen      total 386560K, used 24874K [0x00000000e0000000, 0x0000000100000000, 0x0000000100000000)
  eden space 248832K, 0% used [0x00000000e0000000,0x00000000e0000000,0x00000000ef300000)
  from space 137728K, 18% used [0x00000000ef300000,0x00000000f0b4aba0,0x00000000f7980000)
  to   space 136192K, 0% used [0x00000000f7b00000,0x00000000f7b00000,0x0000000100000000)
 ParOldGen       total 378368K, used 171310K [0x00000000a0000000, 0x00000000b7180000, 0x00000000e0000000)
  object space 378368K, 45% used [0x00000000a0000000,0x00000000aa74baf8,0x00000000b7180000)
 Metaspace       used 175076K, capacity 181218K, committed 181376K, reserved 1208320K
  class space    used 21544K, capacity 22614K, committed 22656K, reserved 1048576K
}
Event: 1754.521 GC heap before
{Heap before GC invocations=41 (full 5):
 PSYoungGen      total 386560K, used 273706K [0x00000000e0000000, 0x0000000100000000, 0x0000000100000000)
  eden space 248832K, 100% used [0x00000000e0000000,0x00000000ef300000,0x00000000ef300000)
  from space 137728K, 18% used [0x00000000ef300000,0x00000000f0b4aba0,0x00000000f7980000)
  to   space 136192K, 0% used [0x00000000f7b00000,0x00000000f7b00000,0x0000000100000000)
 ParOldGen       total 378368K, used 171310K [0x00000000a0000000, 0x00000000b7180000, 0x00000000e0000000)
  object space 378368K, 45% used [0x00000000a0000000,0x00000000aa74baf8,0x00000000b7180000)
 Metaspace       used 175249K, capacity 181388K, committed 181632K, reserved 1208320K
  class space    used 21548K, capacity 22621K, committed 22656K, reserved 1048576K
Event: 1754.543 GC heap after
Heap after GC invocations=41 (full 5):
 PSYoungGen      total 379904K, used 22990K [0x00000000e0000000, 0x00000000ff980000, 0x0000000100000000)
  eden space 250368K, 0% used [0x00000000e0000000,0x00000000e0000000,0x00000000ef480000)
  from space 129536K, 17% used [0x00000000f7b00000,0x00000000f91739d8,0x00000000ff980000)
  to   space 133632K, 0% used [0x00000000ef480000,0x00000000ef480000,0x00000000f7700000)
 ParOldGen       total 378368K, used 171318K [0x00000000a0000000, 0x00000000b7180000, 0x00000000e0000000)
  object space 378368K, 45% used [0x00000000a0000000,0x00000000aa74daf8,0x00000000b7180000)
 Metaspace       used 175249K, capacity 181388K, committed 181632K, reserved 1208320K
  class space    used 21548K, capacity 22621K, committed 22656K, reserved 1048576K
}
Event: 1758.213 GC heap before
{Heap before GC invocations=42 (full 5):
 PSYoungGen      total 379904K, used 273358K [0x00000000e0000000, 0x00000000ff980000, 0x0000000100000000)
  eden space 250368K, 100% used [0x00000000e0000000,0x00000000ef480000,0x00000000ef480000)
  from space 129536K, 17% used [0x00000000f7b00000,0x00000000f91739d8,0x00000000ff980000)
  to   space 133632K, 0% used [0x00000000ef480000,0x00000000ef480000,0x00000000f7700000)
 ParOldGen       total 378368K, used 171318K [0x00000000a0000000, 0x00000000b7180000, 0x00000000e0000000)
  object space 378368K, 45% used [0x00000000a0000000,0x00000000aa74daf8,0x00000000b7180000)
 Metaspace       used 185274K, capacity 191514K, committed 191872K, reserved 1216512K
  class space    used 22721K, capacity 23810K, committed 23936K, reserved 1048576K
Event: 1758.353 GC heap after
Heap after GC invocations=42 (full 5):
 PSYoungGen      total 359424K, used 108649K [0x00000000e0000000, 0x0000000100000000, 0x0000000100000000)
  eden space 250368K, 0% used [0x00000000e0000000,0x00000000e0000000,0x00000000ef480000)
  from space 109056K, 99% used [0x00000000ef480000,0x00000000f5e9a748,0x00000000f5f00000)
  to   space 146432K, 0% used [0x00000000f7100000,0x00000000f7100000,0x0000000100000000)
 ParOldGen       total 378368K, used 171326K [0x00000000a0000000, 0x00000000b7180000, 0x00000000e0000000)
  object space 378368K, 45% used [0x00000000a0000000,0x00000000aa74faf8,0x00000000b7180000)
 Metaspace       used 185274K, capacity 191514K, committed 191872K, reserved 1216512K
  class space    used 22721K, capacity 23810K, committed 23936K, reserved 1048576K
}
Event: 2067.555 GC heap before
{Heap before GC invocations=43 (full 5):
 PSYoungGen      total 359424K, used 359017K [0x00000000e0000000, 0x0000000100000000, 0x0000000100000000)
  eden space 250368K, 100% used [0x00000000e0000000,0x00000000ef480000,0x00000000ef480000)
  from space 109056K, 99% used [0x00000000ef480000,0x00000000f5e9a748,0x00000000f5f00000)
  to   space 146432K, 0% used [0x00000000f7100000,0x00000000f7100000,0x0000000100000000)
 ParOldGen       total 378368K, used 171326K [0x00000000a0000000, 0x00000000b7180000, 0x00000000e0000000)
  object space 378368K, 45% used [0x00000000a0000000,0x00000000aa74faf8,0x00000000b7180000)
 Metaspace       used 186306K, capacity 193646K, committed 193920K, reserved 1218560K
  class space    used 22909K, capacity 24164K, committed 24192K, reserved 1048576K
Event: 2067.585 GC heap after
Heap after GC invocations=43 (full 5):
 PSYoungGen      total 380416K, used 23176K [0x00000000e0000000, 0x0000000100000000, 0x0000000100000000)
  eden space 233984K, 0% used [0x00000000e0000000,0x00000000e0000000,0x00000000ee480000)
  from space 146432K, 15% used [0x00000000f7100000,0x00000000f87a2200,0x0000000100000000)
  to   space 143872K, 0% used [0x00000000ee480000,0x00000000ee480000,0x00000000f7100000)
 ParOldGen       total 378368K, used 171334K [0x00000000a0000000, 0x00000000b7180000, 0x00000000e0000000)
  object space 378368K, 45% used [0x00000000a0000000,0x00000000aa751af8,0x00000000b7180000)
 Metaspace       used 186306K, capacity 193646K, committed 193920K, reserved 1218560K
  class space    used 22909K, capacity 24164K, committed 24192K, reserved 1048576K
}
Event: 2094.747 GC heap before
{Heap before GC invocations=44 (full 5):
 PSYoungGen      total 380416K, used 257160K [0x00000000e0000000, 0x0000000100000000, 0x0000000100000000)
  eden space 233984K, 100% used [0x00000000e0000000,0x00000000ee480000,0x00000000ee480000)
  from space 146432K, 15% used [0x00000000f7100000,0x00000000f87a2200,0x0000000100000000)
  to   space 143872K, 0% used [0x00000000ee480000,0x00000000ee480000,0x00000000f7100000)
 ParOldGen       total 378368K, used 171334K [0x00000000a0000000, 0x00000000b7180000, 0x00000000e0000000)
  object space 378368K, 45% used [0x00000000a0000000,0x00000000aa751af8,0x00000000b7180000)
 Metaspace       used 186845K, capacity 194662K, committed 194944K, reserved 1220608K
  class space    used 22993K, capacity 24344K, committed 24448K, reserved 1048576K
Event: 2094.775 GC heap after
Heap after GC invocations=44 (full 5):
 PSYoungGen      total 259584K, used 25376K [0x00000000e0000000, 0x00000000ff580000, 0x0000000100000000)
  eden space 233984K, 0% used [0x00000000e0000000,0x00000000e0000000,0x00000000ee480000)
  from space 25600K, 99% used [0x00000000ee480000,0x00000000efd48290,0x00000000efd80000)
  to   space 139776K, 0% used [0x00000000f6d00000,0x00000000f6d00000,0x00000000ff580000)
 ParOldGen       total 378368K, used 172129K [0x00000000a0000000, 0x00000000b7180000, 0x00000000e0000000)
  object space 378368K, 45% used [0x00000000a0000000,0x00000000aa818680,0x00000000b7180000)
 Metaspace       used 186845K, capacity 194662K, committed 194944K, reserved 1220608K
  class space    used 22993K, capacity 24344K, committed 24448K, reserved 1048576K
}

